[0.165s] DEBUG:colcon:Command line arguments: ['/usr/bin/colcon', 'build']
[0.165s] DEBUG:colcon:Parsed command line arguments: Namespace(log_base=None, log_level=None, verb_name='build', build_base='build', install_base='install', merge_install=False, symlink_install=False, test_result_base=None, continue_on_error=False, executor='parallel', parallel_workers=4, event_handlers=None, ignore_user_meta=False, metas=['./colcon.meta'], base_paths=['.'], packages_ignore=None, packages_ignore_regex=None, paths=None, packages_up_to=None, packages_up_to_regex=None, packages_above=None, packages_above_and_dependencies=None, packages_above_depth=None, packages_select_by_dep=None, packages_skip_by_dep=None, packages_skip_up_to=None, packages_select_build_failed=False, packages_skip_build_finished=False, packages_select_test_failures=False, packages_skip_test_passed=False, packages_select=None, packages_skip=None, packages_select_regex=None, packages_skip_regex=None, packages_start=None, packages_end=None, allow_overriding=[], cmake_args=None, cmake_target=None, cmake_target_skip_unavailable=False, cmake_clean_cache=False, cmake_clean_first=False, cmake_force_configure=False, ament_cmake_args=None, catkin_cmake_args=None, catkin_skip_building_tests=False, mixin_files=None, mixin=None, verb_parser=<colcon_mixin.mixin.mixin_argument.MixinArgumentDecorator object at 0x7fcbcc5a4230>, verb_extension=<colcon_core.verb.build.BuildVerb object at 0x7fcbcc583f50>, main=<bound method BuildVerb.main of <colcon_core.verb.build.BuildVerb object at 0x7fcbcc583f50>>, mixin_verb=('build',))
[0.223s] Level 1:colcon.colcon_core.package_discovery:discover_packages(colcon_meta) check parameters
[0.223s] Level 1:colcon.colcon_core.package_discovery:discover_packages(recursive) check parameters
[0.223s] Level 1:colcon.colcon_core.package_discovery:discover_packages(ignore) check parameters
[0.223s] Level 1:colcon.colcon_core.package_discovery:discover_packages(path) check parameters
[0.223s] Level 1:colcon.colcon_core.package_discovery:discover_packages(colcon_meta) discover
[0.224s] Level 1:colcon.colcon_core.package_discovery:discover_packages(recursive) discover
[0.224s] INFO:colcon.colcon_core.package_discovery:Crawling recursively for packages in '/home/megabyte94/Desktop/RAS/taller1/taller2_ras'
[0.224s] Level 1:colcon.colcon_core.package_identification:_identify(.) by extensions ['ignore', 'ignore_ament_install']
[0.224s] Level 1:colcon.colcon_core.package_identification:_identify(.) by extension 'ignore'
[0.224s] Level 1:colcon.colcon_core.package_identification:_identify(.) by extension 'ignore_ament_install'
[0.224s] Level 1:colcon.colcon_core.package_identification:_identify(.) by extensions ['colcon_pkg']
[0.224s] Level 1:colcon.colcon_core.package_identification:_identify(.) by extension 'colcon_pkg'
[0.224s] Level 1:colcon.colcon_core.package_identification:_identify(.) by extensions ['colcon_meta']
[0.224s] Level 1:colcon.colcon_core.package_identification:_identify(.) by extension 'colcon_meta'
[0.225s] Level 1:colcon.colcon_core.package_identification:_identify(.) by extensions ['ros']
[0.225s] Level 1:colcon.colcon_core.package_identification:_identify(.) by extension 'ros'
[0.266s] Level 1:colcon.colcon_core.package_identification:_identify(.) by extensions ['cmake', 'python']
[0.266s] Level 1:colcon.colcon_core.package_identification:_identify(.) by extension 'cmake'
[0.266s] Level 1:colcon.colcon_core.package_identification:_identify(.) by extension 'python'
[0.266s] Level 1:colcon.colcon_core.package_identification:_identify(.) by extensions ['python_setup_py']
[0.267s] Level 1:colcon.colcon_core.package_identification:_identify(.) by extension 'python_setup_py'
[0.267s] Level 1:colcon.colcon_core.package_identification:_identify(build) by extensions ['ignore', 'ignore_ament_install']
[0.267s] Level 1:colcon.colcon_core.package_identification:_identify(build) by extension 'ignore'
[0.267s] Level 1:colcon.colcon_core.package_identification:_identify(build) ignored
[0.267s] Level 1:colcon.colcon_core.package_identification:_identify(install) by extensions ['ignore', 'ignore_ament_install']
[0.267s] Level 1:colcon.colcon_core.package_identification:_identify(install) by extension 'ignore'
[0.268s] Level 1:colcon.colcon_core.package_identification:_identify(install) ignored
[0.268s] Level 1:colcon.colcon_core.package_identification:_identify(log) by extensions ['ignore', 'ignore_ament_install']
[0.268s] Level 1:colcon.colcon_core.package_identification:_identify(log) by extension 'ignore'
[0.268s] Level 1:colcon.colcon_core.package_identification:_identify(log) ignored
[0.268s] Level 1:colcon.colcon_core.package_identification:_identify(src) by extensions ['ignore', 'ignore_ament_install']
[0.268s] Level 1:colcon.colcon_core.package_identification:_identify(src) by extension 'ignore'
[0.268s] Level 1:colcon.colcon_core.package_identification:_identify(src) by extension 'ignore_ament_install'
[0.269s] Level 1:colcon.colcon_core.package_identification:_identify(src) by extensions ['colcon_pkg']
[0.269s] Level 1:colcon.colcon_core.package_identification:_identify(src) by extension 'colcon_pkg'
[0.269s] Level 1:colcon.colcon_core.package_identification:_identify(src) by extensions ['colcon_meta']
[0.269s] Level 1:colcon.colcon_core.package_identification:_identify(src) by extension 'colcon_meta'
[0.269s] Level 1:colcon.colcon_core.package_identification:_identify(src) by extensions ['ros']
[0.269s] Level 1:colcon.colcon_core.package_identification:_identify(src) by extension 'ros'
[0.269s] Level 1:colcon.colcon_core.package_identification:_identify(src) by extensions ['cmake', 'python']
[0.269s] Level 1:colcon.colcon_core.package_identification:_identify(src) by extension 'cmake'
[0.269s] Level 1:colcon.colcon_core.package_identification:_identify(src) by extension 'python'
[0.269s] Level 1:colcon.colcon_core.package_identification:_identify(src) by extensions ['python_setup_py']
[0.269s] Level 1:colcon.colcon_core.package_identification:_identify(src) by extension 'python_setup_py'
[0.270s] Level 1:colcon.colcon_core.package_identification:_identify(src/ros_package) by extensions ['ignore', 'ignore_ament_install']
[0.270s] Level 1:colcon.colcon_core.package_identification:_identify(src/ros_package) by extension 'ignore'
[0.270s] Level 1:colcon.colcon_core.package_identification:_identify(src/ros_package) by extension 'ignore_ament_install'
[0.270s] Level 1:colcon.colcon_core.package_identification:_identify(src/ros_package) by extensions ['colcon_pkg']
[0.270s] Level 1:colcon.colcon_core.package_identification:_identify(src/ros_package) by extension 'colcon_pkg'
[0.270s] Level 1:colcon.colcon_core.package_identification:_identify(src/ros_package) by extensions ['colcon_meta']
[0.270s] Level 1:colcon.colcon_core.package_identification:_identify(src/ros_package) by extension 'colcon_meta'
[0.270s] Level 1:colcon.colcon_core.package_identification:_identify(src/ros_package) by extensions ['ros']
[0.270s] Level 1:colcon.colcon_core.package_identification:_identify(src/ros_package) by extension 'ros'
[0.273s] DEBUG:colcon.colcon_core.package_identification:Package 'src/ros_package' with type 'ros.ament_python' and name 'ros_package'
[0.273s] Level 1:colcon.colcon_core.package_discovery:discover_packages(recursive) using defaults
[0.273s] Level 1:colcon.colcon_core.package_discovery:discover_packages(ignore) discover
[0.273s] Level 1:colcon.colcon_core.package_discovery:discover_packages(ignore) using defaults
[0.273s] Level 1:colcon.colcon_core.package_discovery:discover_packages(path) discover
[0.274s] Level 1:colcon.colcon_core.package_discovery:discover_packages(path) using defaults
[0.299s] Level 1:colcon.colcon_core.package_discovery:discover_packages(prefix_path) check parameters
[0.300s] Level 1:colcon.colcon_core.package_discovery:discover_packages(prefix_path) discover
[0.302s] DEBUG:colcon.colcon_installed_package_information.package_discovery:Found 1 installed packages in /home/megabyte94/Desktop/RAS/taller1/taller2_ras/install
[0.304s] DEBUG:colcon.colcon_installed_package_information.package_discovery:Found 287 installed packages in /opt/ros/jazzy
[0.305s] Level 1:colcon.colcon_core.package_discovery:discover_packages(prefix_path) using defaults
[0.386s] Level 5:colcon.colcon_core.verb:set package 'ros_package' build argument 'cmake_args' from command line to 'None'
[0.386s] Level 5:colcon.colcon_core.verb:set package 'ros_package' build argument 'cmake_target' from command line to 'None'
[0.386s] Level 5:colcon.colcon_core.verb:set package 'ros_package' build argument 'cmake_target_skip_unavailable' from command line to 'False'
[0.386s] Level 5:colcon.colcon_core.verb:set package 'ros_package' build argument 'cmake_clean_cache' from command line to 'False'
[0.386s] Level 5:colcon.colcon_core.verb:set package 'ros_package' build argument 'cmake_clean_first' from command line to 'False'
[0.387s] Level 5:colcon.colcon_core.verb:set package 'ros_package' build argument 'cmake_force_configure' from command line to 'False'
[0.387s] Level 5:colcon.colcon_core.verb:set package 'ros_package' build argument 'ament_cmake_args' from command line to 'None'
[0.387s] Level 5:colcon.colcon_core.verb:set package 'ros_package' build argument 'catkin_cmake_args' from command line to 'None'
[0.387s] Level 5:colcon.colcon_core.verb:set package 'ros_package' build argument 'catkin_skip_building_tests' from command line to 'False'
[0.387s] DEBUG:colcon.colcon_core.verb:Building package 'ros_package' with the following arguments: {'ament_cmake_args': None, 'build_base': '/home/megabyte94/Desktop/RAS/taller1/taller2_ras/build/ros_package', 'catkin_cmake_args': None, 'catkin_skip_building_tests': False, 'cmake_args': None, 'cmake_clean_cache': False, 'cmake_clean_first': False, 'cmake_force_configure': False, 'cmake_target': None, 'cmake_target_skip_unavailable': False, 'install_base': '/home/megabyte94/Desktop/RAS/taller1/taller2_ras/install/ros_package', 'merge_install': False, 'path': '/home/megabyte94/Desktop/RAS/taller1/taller2_ras/src/ros_package', 'symlink_install': False, 'test_result_base': None}
[0.387s] INFO:colcon.colcon_core.executor:Executing jobs using 'parallel' executor
[0.388s] DEBUG:colcon.colcon_parallel_executor.executor.parallel:run_until_complete
[0.388s] INFO:colcon.colcon_ros.task.ament_python.build:Building ROS package in '/home/megabyte94/Desktop/RAS/taller1/taller2_ras/src/ros_package' with build type 'ament_python'
[0.389s] Level 1:colcon.colcon_core.shell:create_environment_hook('ros_package', 'ament_prefix_path')
[0.392s] INFO:colcon.colcon_core.plugin_system:Skipping extension 'colcon_core.shell.bat': Not used on non-Windows systems
[0.392s] INFO:colcon.colcon_core.shell:Creating environment hook '/home/megabyte94/Desktop/RAS/taller1/taller2_ras/install/ros_package/share/ros_package/hook/ament_prefix_path.ps1'
[0.394s] INFO:colcon.colcon_core.shell:Creating environment descriptor '/home/megabyte94/Desktop/RAS/taller1/taller2_ras/install/ros_package/share/ros_package/hook/ament_prefix_path.dsv'
[0.396s] INFO:colcon.colcon_core.shell:Creating environment hook '/home/megabyte94/Desktop/RAS/taller1/taller2_ras/install/ros_package/share/ros_package/hook/ament_prefix_path.sh'
[0.397s] INFO:colcon.colcon_core.shell:Skip shell extension 'powershell' for command environment: Not usable outside of PowerShell
[0.397s] DEBUG:colcon.colcon_core.shell:Skip shell extension 'dsv' for command environment
[0.764s] INFO:colcon.colcon_core.task.python.build:Building Python package in '/home/megabyte94/Desktop/RAS/taller1/taller2_ras/src/ros_package'
[0.764s] INFO:colcon.colcon_core.shell:Skip shell extension 'powershell' for command environment: Not usable outside of PowerShell
[0.764s] DEBUG:colcon.colcon_core.shell:Skip shell extension 'dsv' for command environment
[1.753s] DEBUG:colcon.colcon_core.event_handler.log_command:Invoking command in '/home/megabyte94/Desktop/RAS/taller1/taller2_ras/src/ros_package': DEBUGINFOD_URLS=https://debuginfod.ubuntu.com PYTHONPATH=/home/megabyte94/Desktop/RAS/taller1/taller2_ras/build/ros_package/prefix_override:/usr/lib/python3/dist-packages/colcon_core/task/python/colcon_distutils_commands:/home/megabyte94/Desktop/RAS/taller1/taller2_ras/install/ros_package/lib/python3.12/site-packages:${PYTHONPATH} /usr/bin/python3 -W ignore:setup.py install is deprecated -W ignore:easy_install command is deprecated setup.py egg_info --egg-base ../../build/ros_package build --build-base /home/megabyte94/Desktop/RAS/taller1/taller2_ras/build/ros_package/build install --record /home/megabyte94/Desktop/RAS/taller1/taller2_ras/build/ros_package/install.log --single-version-externally-managed install_data
[2.650s] DEBUG:colcon.colcon_core.event_handler.log_command:Invoked command in '/home/megabyte94/Desktop/RAS/taller1/taller2_ras/src/ros_package' returned '0': DEBUGINFOD_URLS=https://debuginfod.ubuntu.com PYTHONPATH=/home/megabyte94/Desktop/RAS/taller1/taller2_ras/build/ros_package/prefix_override:/usr/lib/python3/dist-packages/colcon_core/task/python/colcon_distutils_commands:/home/megabyte94/Desktop/RAS/taller1/taller2_ras/install/ros_package/lib/python3.12/site-packages:${PYTHONPATH} /usr/bin/python3 -W ignore:setup.py install is deprecated -W ignore:easy_install command is deprecated setup.py egg_info --egg-base ../../build/ros_package build --build-base /home/megabyte94/Desktop/RAS/taller1/taller2_ras/build/ros_package/build install --record /home/megabyte94/Desktop/RAS/taller1/taller2_ras/build/ros_package/install.log --single-version-externally-managed install_data
[2.653s] Level 1:colcon.colcon_core.environment:checking '/home/megabyte94/Desktop/RAS/taller1/taller2_ras/install/ros_package' for CMake module files
[2.655s] Level 1:colcon.colcon_core.environment:checking '/home/megabyte94/Desktop/RAS/taller1/taller2_ras/install/ros_package' for CMake config files
[2.656s] Level 1:colcon.colcon_core.environment:checking '/home/megabyte94/Desktop/RAS/taller1/taller2_ras/install/ros_package/lib'
[2.657s] Level 1:colcon.colcon_core.environment:checking '/home/megabyte94/Desktop/RAS/taller1/taller2_ras/install/ros_package/bin'
[2.657s] Level 1:colcon.colcon_core.environment:checking '/home/megabyte94/Desktop/RAS/taller1/taller2_ras/install/ros_package/lib/pkgconfig/ros_package.pc'
[2.657s] Level 1:colcon.colcon_core.environment:checking '/home/megabyte94/Desktop/RAS/taller1/taller2_ras/install/ros_package/lib/python3.12/site-packages'
[2.658s] Level 1:colcon.colcon_core.shell:create_environment_hook('ros_package', 'pythonpath')
[2.658s] INFO:colcon.colcon_core.shell:Creating environment hook '/home/megabyte94/Desktop/RAS/taller1/taller2_ras/install/ros_package/share/ros_package/hook/pythonpath.ps1'
[2.659s] INFO:colcon.colcon_core.shell:Creating environment descriptor '/home/megabyte94/Desktop/RAS/taller1/taller2_ras/install/ros_package/share/ros_package/hook/pythonpath.dsv'
[2.660s] INFO:colcon.colcon_core.shell:Creating environment hook '/home/megabyte94/Desktop/RAS/taller1/taller2_ras/install/ros_package/share/ros_package/hook/pythonpath.sh'
[2.661s] Level 1:colcon.colcon_core.environment:checking '/home/megabyte94/Desktop/RAS/taller1/taller2_ras/install/ros_package/bin'
[2.661s] Level 1:colcon.colcon_core.environment:create_environment_scripts_only(ros_package)
[2.662s] INFO:colcon.colcon_core.shell:Creating package script '/home/megabyte94/Desktop/RAS/taller1/taller2_ras/install/ros_package/share/ros_package/package.ps1'
[2.663s] INFO:colcon.colcon_core.shell:Creating package descriptor '/home/megabyte94/Desktop/RAS/taller1/taller2_ras/install/ros_package/share/ros_package/package.dsv'
[2.664s] INFO:colcon.colcon_core.shell:Creating package script '/home/megabyte94/Desktop/RAS/taller1/taller2_ras/install/ros_package/share/ros_package/package.sh'
[2.665s] INFO:colcon.colcon_core.shell:Creating package script '/home/megabyte94/Desktop/RAS/taller1/taller2_ras/install/ros_package/share/ros_package/package.bash'
[2.666s] INFO:colcon.colcon_core.shell:Creating package script '/home/megabyte94/Desktop/RAS/taller1/taller2_ras/install/ros_package/share/ros_package/package.zsh'
[2.667s] Level 1:colcon.colcon_core.environment:create_file_with_runtime_dependencies(/home/megabyte94/Desktop/RAS/taller1/taller2_ras/install/ros_package/share/colcon-core/packages/ros_package)
[2.667s] DEBUG:colcon.colcon_parallel_executor.executor.parallel:closing loop
[2.667s] DEBUG:colcon.colcon_parallel_executor.executor.parallel:loop closed
[2.668s] DEBUG:colcon.colcon_parallel_executor.executor.parallel:run_until_complete finished with '0'
[2.668s] DEBUG:colcon.colcon_core.event_reactor:joining thread
[2.678s] INFO:colcon.colcon_core.plugin_system:Skipping extension 'colcon_notification.desktop_notification.terminal_notifier': Not used on non-Darwin systems
[2.679s] INFO:colcon.colcon_core.plugin_system:Skipping extension 'colcon_notification.desktop_notification.win32': Not used on non-Windows systems
[2.679s] INFO:colcon.colcon_notification.desktop_notification:Sending desktop notification using 'notify2'
[2.696s] DEBUG:colcon.colcon_core.event_reactor:joined thread
[2.696s] INFO:colcon.colcon_core.shell:Creating prefix script '/home/megabyte94/Desktop/RAS/taller1/taller2_ras/install/local_setup.ps1'
[2.698s] INFO:colcon.colcon_core.shell:Creating prefix util module '/home/megabyte94/Desktop/RAS/taller1/taller2_ras/install/_local_setup_util_ps1.py'
[2.700s] INFO:colcon.colcon_core.shell:Creating prefix chain script '/home/megabyte94/Desktop/RAS/taller1/taller2_ras/install/setup.ps1'
[2.701s] INFO:colcon.colcon_core.shell:Creating prefix script '/home/megabyte94/Desktop/RAS/taller1/taller2_ras/install/local_setup.sh'
[2.702s] INFO:colcon.colcon_core.shell:Creating prefix util module '/home/megabyte94/Desktop/RAS/taller1/taller2_ras/install/_local_setup_util_sh.py'
[2.703s] INFO:colcon.colcon_core.shell:Creating prefix chain script '/home/megabyte94/Desktop/RAS/taller1/taller2_ras/install/setup.sh'
[2.704s] INFO:colcon.colcon_core.shell:Creating prefix script '/home/megabyte94/Desktop/RAS/taller1/taller2_ras/install/local_setup.bash'
[2.705s] INFO:colcon.colcon_core.shell:Creating prefix chain script '/home/megabyte94/Desktop/RAS/taller1/taller2_ras/install/setup.bash'
[2.706s] INFO:colcon.colcon_core.shell:Creating prefix script '/home/megabyte94/Desktop/RAS/taller1/taller2_ras/install/local_setup.zsh'
[2.707s] INFO:colcon.colcon_core.shell:Creating prefix chain script '/home/megabyte94/Desktop/RAS/taller1/taller2_ras/install/setup.zsh'
