[1.599s] Invoking command in '/home/megabyte94/Desktop/RAS/taller1/taller2_ras/src/ros_package': DEBUGINFOD_URLS=https://debuginfod.ubuntu.com PYTHONPATH=/home/megabyte94/Desktop/RAS/taller1/taller2_ras/build/ros_package/prefix_override:/usr/lib/python3/dist-packages/colcon_core/task/python/colcon_distutils_commands:/home/megabyte94/Desktop/RAS/taller1/taller2_ras/install/ros_package/lib/python3.12/site-packages:${PYTHONPATH} /usr/bin/python3 -W ignore:setup.py install is deprecated -W ignore:easy_install command is deprecated setup.py egg_info --egg-base ../../build/ros_package build --build-base /home/megabyte94/Desktop/RAS/taller1/taller2_ras/build/ros_package/build install --record /home/megabyte94/Desktop/RAS/taller1/taller2_ras/build/ros_package/install.log --single-version-externally-managed install_data
[2.038s] running egg_info
[2.076s] writing ../../build/ros_package/ros_package.egg-info/PKG-INFO
[2.076s] writing dependency_links to ../../build/ros_package/ros_package.egg-info/dependency_links.txt
[2.077s] writing requirements to ../../build/ros_package/ros_package.egg-info/requires.txt
[2.077s] writing top-level names to ../../build/ros_package/ros_package.egg-info/top_level.txt
[2.185s] reading manifest file '../../build/ros_package/ros_package.egg-info/SOURCES.txt'
[2.188s] writing manifest file '../../build/ros_package/ros_package.egg-info/SOURCES.txt'
[2.188s] running build
[2.188s] running build_py
[2.189s] running install
[2.210s] running install_lib
[2.277s] running install_data
[2.277s] copying urdf/pepper.urdf -> /home/megabyte94/Desktop/RAS/taller1/taller2_ras/install/ros_package/share/ros_package/urdf
[2.278s] running install_egg_info
[2.336s] removing '/home/megabyte94/Desktop/RAS/taller1/taller2_ras/install/ros_package/lib/python3.12/site-packages/ros_package-0.0.0-py3.12.egg-info' (and everything under it)
[2.340s] Copying ../../build/ros_package/ros_package.egg-info to /home/megabyte94/Desktop/RAS/taller1/taller2_ras/install/ros_package/lib/python3.12/site-packages/ros_package-0.0.0-py3.12.egg-info
[2.344s] running install_scripts
[2.575s] writing list of installed files to '/home/megabyte94/Desktop/RAS/taller1/taller2_ras/build/ros_package/install.log'
[2.619s] Invoked command in '/home/megabyte94/Desktop/RAS/taller1/taller2_ras/src/ros_package' returned '0': DEBUGINFOD_URLS=https://debuginfod.ubuntu.com PYTHONPATH=/home/megabyte94/Desktop/RAS/taller1/taller2_ras/build/ros_package/prefix_override:/usr/lib/python3/dist-packages/colcon_core/task/python/colcon_distutils_commands:/home/megabyte94/Desktop/RAS/taller1/taller2_ras/install/ros_package/lib/python3.12/site-packages:${PYTHONPATH} /usr/bin/python3 -W ignore:setup.py install is deprecated -W ignore:easy_install command is deprecated setup.py egg_info --egg-base ../../build/ros_package build --build-base /home/megabyte94/Desktop/RAS/taller1/taller2_ras/build/ros_package/build install --record /home/megabyte94/Desktop/RAS/taller1/taller2_ras/build/ros_package/install.log --single-version-externally-managed install_data
