[1.282s] Invoking command in '/home/megabyte94/Desktop/RAS/taller1/taller2_ras/src/ros_package': DEBUGINFOD_URLS=https://debuginfod.ubuntu.com PYTHONPATH=/home/megabyte94/Desktop/RAS/taller1/taller2_ras/build/ros_package/prefix_override:/usr/lib/python3/dist-packages/colcon_core/task/python/colcon_distutils_commands:/home/megabyte94/Desktop/RAS/taller1/taller2_ras/install/ros_package/lib/python3.12/site-packages:${PYTHONPATH} /usr/bin/python3 -W ignore:setup.py install is deprecated -W ignore:easy_install command is deprecated setup.py egg_info --egg-base ../../build/ros_package build --build-base /home/megabyte94/Desktop/RAS/taller1/taller2_ras/build/ros_package/build install --record /home/megabyte94/Desktop/RAS/taller1/taller2_ras/build/ros_package/install.log --single-version-externally-managed install_data
[1.722s] running egg_info
[1.748s] writing ../../build/ros_package/ros_package.egg-info/PKG-INFO
[1.749s] writing dependency_links to ../../build/ros_package/ros_package.egg-info/dependency_links.txt
[1.749s] writing requirements to ../../build/ros_package/ros_package.egg-info/requires.txt
[1.750s] writing top-level names to ../../build/ros_package/ros_package.egg-info/top_level.txt
[1.805s] reading manifest file '../../build/ros_package/ros_package.egg-info/SOURCES.txt'
[1.807s] writing manifest file '../../build/ros_package/ros_package.egg-info/SOURCES.txt'
[1.808s] running build
[1.808s] running build_py
[1.809s] running install
[1.819s] running install_lib
[1.858s] running install_data
[1.858s] copying urdf/pepper.urdf -> /home/megabyte94/Desktop/RAS/taller1/taller2_ras/install/ros_package/share/ros_package/urdf
[1.859s] running install_egg_info
[1.898s] removing '/home/megabyte94/Desktop/RAS/taller1/taller2_ras/install/ros_package/lib/python3.12/site-packages/ros_package-0.0.0-py3.12.egg-info' (and everything under it)
[1.899s] Copying ../../build/ros_package/ros_package.egg-info to /home/megabyte94/Desktop/RAS/taller1/taller2_ras/install/ros_package/lib/python3.12/site-packages/ros_package-0.0.0-py3.12.egg-info
[1.901s] running install_scripts
[2.093s] writing list of installed files to '/home/megabyte94/Desktop/RAS/taller1/taller2_ras/build/ros_package/install.log'
[2.144s] Invoked command in '/home/megabyte94/Desktop/RAS/taller1/taller2_ras/src/ros_package' returned '0': DEBUGINFOD_URLS=https://debuginfod.ubuntu.com PYTHONPATH=/home/megabyte94/Desktop/RAS/taller1/taller2_ras/build/ros_package/prefix_override:/usr/lib/python3/dist-packages/colcon_core/task/python/colcon_distutils_commands:/home/megabyte94/Desktop/RAS/taller1/taller2_ras/install/ros_package/lib/python3.12/site-packages:${PYTHONPATH} /usr/bin/python3 -W ignore:setup.py install is deprecated -W ignore:easy_install command is deprecated setup.py egg_info --egg-base ../../build/ros_package build --build-base /home/megabyte94/Desktop/RAS/taller1/taller2_ras/build/ros_package/build install --record /home/megabyte94/Desktop/RAS/taller1/taller2_ras/build/ros_package/install.log --single-version-externally-managed install_data
