running egg_info
creating ../../build/ros_package/ros_package.egg-info
writing ../../build/ros_package/ros_package.egg-info/PKG-INFO
writing dependency_links to ../../build/ros_package/ros_package.egg-info/dependency_links.txt
writing requirements to ../../build/ros_package/ros_package.egg-info/requires.txt
writing top-level names to ../../build/ros_package/ros_package.egg-info/top_level.txt
writing manifest file '../../build/ros_package/ros_package.egg-info/SOURCES.txt'
reading manifest file '../../build/ros_package/ros_package.egg-info/SOURCES.txt'
writing manifest file '../../build/ros_package/ros_package.egg-info/SOURCES.txt'
running build
running build_py
creating /home/megabyte94/Desktop/RAS/taller1/taller2_ras/build/ros_package/build
creating /home/megabyte94/Desktop/RAS/taller1/taller2_ras/build/ros_package/build/lib
creating /home/megabyte94/Desktop/RAS/taller1/taller2_ras/build/ros_package/build/lib/ros_package
copying ros_package/__init__.py -> /home/megabyte94/Desktop/RAS/taller1/taller2_ras/build/ros_package/build/lib/ros_package
running install
running install_lib
creating /home/megabyte94/Desktop/RAS/taller1/taller2_ras/install/ros_package/lib/python3.12/site-packages/ros_package
copying /home/megabyte94/Desktop/RAS/taller1/taller2_ras/build/ros_package/build/lib/ros_package/__init__.py -> /home/megabyte94/Desktop/RAS/taller1/taller2_ras/install/ros_package/lib/python3.12/site-packages/ros_package
byte-compiling /home/megabyte94/Desktop/RAS/taller1/taller2_ras/install/ros_package/lib/python3.12/site-packages/ros_package/__init__.py to __init__.cpython-312.pyc
running install_data
creating /home/megabyte94/Desktop/RAS/taller1/taller2_ras/install/ros_package/share/ament_index
creating /home/megabyte94/Desktop/RAS/taller1/taller2_ras/install/ros_package/share/ament_index/resource_index
creating /home/megabyte94/Desktop/RAS/taller1/taller2_ras/install/ros_package/share/ament_index/resource_index/packages
copying resource/ros_package -> /home/megabyte94/Desktop/RAS/taller1/taller2_ras/install/ros_package/share/ament_index/resource_index/packages
copying package.xml -> /home/megabyte94/Desktop/RAS/taller1/taller2_ras/install/ros_package/share/ros_package
running install_egg_info
Copying ../../build/ros_package/ros_package.egg-info to /home/megabyte94/Desktop/RAS/taller1/taller2_ras/install/ros_package/lib/python3.12/site-packages/ros_package-0.0.0-py3.12.egg-info
running install_scripts
writing list of installed files to '/home/megabyte94/Desktop/RAS/taller1/taller2_ras/build/ros_package/install.log'
