[1.294s] Invoking command in '/home/megabyte94/Desktop/RAS/taller1/taller2_ras/src/ros_package': DEBUGINFOD_URLS=https://debuginfod.ubuntu.com PYTHONPATH=/home/megabyte94/Desktop/RAS/taller1/taller2_ras/build/ros_package/prefix_override:/usr/lib/python3/dist-packages/colcon_core/task/python/colcon_distutils_commands:/home/megabyte94/Desktop/RAS/taller1/taller2_ras/install/ros_package/lib/python3.12/site-packages:${PYTHONPATH} /usr/bin/python3 -W ignore:setup.py install is deprecated -W ignore:easy_install command is deprecated setup.py egg_info --egg-base ../../build/ros_package build --build-base /home/megabyte94/Desktop/RAS/taller1/taller2_ras/build/ros_package/build install --record /home/megabyte94/Desktop/RAS/taller1/taller2_ras/build/ros_package/install.log --single-version-externally-managed install_data
[1.650s] running egg_info
[1.651s] creating ../../build/ros_package/ros_package.egg-info
[1.675s] writing ../../build/ros_package/ros_package.egg-info/PKG-INFO
[1.676s] writing dependency_links to ../../build/ros_package/ros_package.egg-info/dependency_links.txt
[1.676s] writing requirements to ../../build/ros_package/ros_package.egg-info/requires.txt
[1.676s] writing top-level names to ../../build/ros_package/ros_package.egg-info/top_level.txt
[1.676s] writing manifest file '../../build/ros_package/ros_package.egg-info/SOURCES.txt'
[1.743s] reading manifest file '../../build/ros_package/ros_package.egg-info/SOURCES.txt'
[1.743s] writing manifest file '../../build/ros_package/ros_package.egg-info/SOURCES.txt'
[1.744s] running build
[1.744s] running build_py
[1.744s] creating /home/megabyte94/Desktop/RAS/taller1/taller2_ras/build/ros_package/build
[1.744s] creating /home/megabyte94/Desktop/RAS/taller1/taller2_ras/build/ros_package/build/lib
[1.744s] creating /home/megabyte94/Desktop/RAS/taller1/taller2_ras/build/ros_package/build/lib/ros_package
[1.745s] copying ros_package/__init__.py -> /home/megabyte94/Desktop/RAS/taller1/taller2_ras/build/ros_package/build/lib/ros_package
[1.745s] running install
[1.756s] running install_lib
[1.781s] creating /home/megabyte94/Desktop/RAS/taller1/taller2_ras/install/ros_package/lib/python3.12/site-packages/ros_package
[1.782s] copying /home/megabyte94/Desktop/RAS/taller1/taller2_ras/build/ros_package/build/lib/ros_package/__init__.py -> /home/megabyte94/Desktop/RAS/taller1/taller2_ras/install/ros_package/lib/python3.12/site-packages/ros_package
[1.782s] byte-compiling /home/megabyte94/Desktop/RAS/taller1/taller2_ras/install/ros_package/lib/python3.12/site-packages/ros_package/__init__.py to __init__.cpython-312.pyc
[1.783s] running install_data
[1.783s] creating /home/megabyte94/Desktop/RAS/taller1/taller2_ras/install/ros_package/share/ament_index
[1.783s] creating /home/megabyte94/Desktop/RAS/taller1/taller2_ras/install/ros_package/share/ament_index/resource_index
[1.783s] creating /home/megabyte94/Desktop/RAS/taller1/taller2_ras/install/ros_package/share/ament_index/resource_index/packages
[1.784s] copying resource/ros_package -> /home/megabyte94/Desktop/RAS/taller1/taller2_ras/install/ros_package/share/ament_index/resource_index/packages
[1.784s] copying package.xml -> /home/megabyte94/Desktop/RAS/taller1/taller2_ras/install/ros_package/share/ros_package
[1.784s] running install_egg_info
[1.815s] Copying ../../build/ros_package/ros_package.egg-info to /home/megabyte94/Desktop/RAS/taller1/taller2_ras/install/ros_package/lib/python3.12/site-packages/ros_package-0.0.0-py3.12.egg-info
[1.817s] running install_scripts
[2.002s] writing list of installed files to '/home/megabyte94/Desktop/RAS/taller1/taller2_ras/build/ros_package/install.log'
[2.045s] Invoked command in '/home/megabyte94/Desktop/RAS/taller1/taller2_ras/src/ros_package' returned '0': DEBUGINFOD_URLS=https://debuginfod.ubuntu.com PYTHONPATH=/home/megabyte94/Desktop/RAS/taller1/taller2_ras/build/ros_package/prefix_override:/usr/lib/python3/dist-packages/colcon_core/task/python/colcon_distutils_commands:/home/megabyte94/Desktop/RAS/taller1/taller2_ras/install/ros_package/lib/python3.12/site-packages:${PYTHONPATH} /usr/bin/python3 -W ignore:setup.py install is deprecated -W ignore:easy_install command is deprecated setup.py egg_info --egg-base ../../build/ros_package build --build-base /home/megabyte94/Desktop/RAS/taller1/taller2_ras/build/ros_package/build install --record /home/megabyte94/Desktop/RAS/taller1/taller2_ras/build/ros_package/install.log --single-version-externally-managed install_data
