[1.816s] Invoking command in '/home/megabyte94/Desktop/RAS/taller1/taller2_ras/src/ros_package': DEBUGINFOD_URLS=https://debuginfod.ubuntu.com PYTHONPATH=/home/megabyte94/Desktop/RAS/taller1/taller2_ras/build/ros_package/prefix_override:/usr/lib/python3/dist-packages/colcon_core/task/python/colcon_distutils_commands:/home/megabyte94/Desktop/RAS/taller1/taller2_ras/install/ros_package/lib/python3.12/site-packages:${PYTHONPATH} /usr/bin/python3 -W ignore:setup.py install is deprecated -W ignore:easy_install command is deprecated setup.py egg_info --egg-base ../../build/ros_package build --build-base /home/megabyte94/Desktop/RAS/taller1/taller2_ras/build/ros_package/build install --record /home/megabyte94/Desktop/RAS/taller1/taller2_ras/build/ros_package/install.log --single-version-externally-managed install_data
[2.314s] running egg_info
[2.362s] writing ../../build/ros_package/ros_package.egg-info/PKG-INFO
[2.363s] writing dependency_links to ../../build/ros_package/ros_package.egg-info/dependency_links.txt
[2.363s] writing requirements to ../../build/ros_package/ros_package.egg-info/requires.txt
[2.363s] writing top-level names to ../../build/ros_package/ros_package.egg-info/top_level.txt
[2.448s] reading manifest file '../../build/ros_package/ros_package.egg-info/SOURCES.txt'
[2.452s] writing manifest file '../../build/ros_package/ros_package.egg-info/SOURCES.txt'
[2.452s] running build
[2.453s] running build_py
[2.453s] running install
[2.470s] running install_lib
[2.519s] running install_data
[2.520s] copying urdf/pepper.urdf -> /home/megabyte94/Desktop/RAS/taller1/taller2_ras/install/ros_package/share/ros_package/urdf
[2.522s] running install_egg_info
[2.580s] removing '/home/megabyte94/Desktop/RAS/taller1/taller2_ras/install/ros_package/lib/python3.12/site-packages/ros_package-0.0.0-py3.12.egg-info' (and everything under it)
[2.580s] Copying ../../build/ros_package/ros_package.egg-info to /home/megabyte94/Desktop/RAS/taller1/taller2_ras/install/ros_package/lib/python3.12/site-packages/ros_package-0.0.0-py3.12.egg-info
[2.584s] running install_scripts
[2.868s] writing list of installed files to '/home/megabyte94/Desktop/RAS/taller1/taller2_ras/build/ros_package/install.log'
[2.932s] Invoked command in '/home/megabyte94/Desktop/RAS/taller1/taller2_ras/src/ros_package' returned '0': DEBUGINFOD_URLS=https://debuginfod.ubuntu.com PYTHONPATH=/home/megabyte94/Desktop/RAS/taller1/taller2_ras/build/ros_package/prefix_override:/usr/lib/python3/dist-packages/colcon_core/task/python/colcon_distutils_commands:/home/megabyte94/Desktop/RAS/taller1/taller2_ras/install/ros_package/lib/python3.12/site-packages:${PYTHONPATH} /usr/bin/python3 -W ignore:setup.py install is deprecated -W ignore:easy_install command is deprecated setup.py egg_info --egg-base ../../build/ros_package build --build-base /home/megabyte94/Desktop/RAS/taller1/taller2_ras/build/ros_package/build install --record /home/megabyte94/Desktop/RAS/taller1/taller2_ras/build/ros_package/install.log --single-version-externally-managed install_data
