running egg_info
writing ../../build/ros_package/ros_package.egg-info/PKG-INFO
writing dependency_links to ../../build/ros_package/ros_package.egg-info/dependency_links.txt
writing requirements to ../../build/ros_package/ros_package.egg-info/requires.txt
writing top-level names to ../../build/ros_package/ros_package.egg-info/top_level.txt
reading manifest file '../../build/ros_package/ros_package.egg-info/SOURCES.txt'
writing manifest file '../../build/ros_package/ros_package.egg-info/SOURCES.txt'
running build
running build_py
running install
running install_lib
running install_data
creating /home/megabyte94/Desktop/RAS/taller1/taller2_ras/install/ros_package/share/ros_package/launch
copying launch/launcher.launch.py -> /home/megabyte94/Desktop/RAS/taller1/taller2_ras/install/ros_package/share/ros_package/launch
creating /home/megabyte94/Desktop/RAS/taller1/taller2_ras/install/ros_package/share/ros_package/urdf
copying urdf/pepper.urdf -> /home/megabyte94/Desktop/RAS/taller1/taller2_ras/install/ros_package/share/ros_package/urdf
running install_egg_info
removing '/home/megabyte94/Desktop/RAS/taller1/taller2_ras/install/ros_package/lib/python3.12/site-packages/ros_package-0.0.0-py3.12.egg-info' (and everything under it)
Copying ../../build/ros_package/ros_package.egg-info to /home/megabyte94/Desktop/RAS/taller1/taller2_ras/install/ros_package/lib/python3.12/site-packages/ros_package-0.0.0-py3.12.egg-info
running install_scripts
writing list of installed files to '/home/megabyte94/Desktop/RAS/taller1/taller2_ras/build/ros_package/install.log'
