[0.462s] DEBUG:colcon:Command line arguments: ['/usr/bin/colcon', 'build']
[0.462s] DEBUG:colcon:Parsed command line arguments: Namespace(log_base=None, log_level=None, verb_name='build', build_base='build', install_base='install', merge_install=False, symlink_install=False, test_result_base=None, continue_on_error=False, executor='parallel', parallel_workers=4, event_handlers=None, ignore_user_meta=False, metas=['./colcon.meta'], base_paths=['.'], packages_ignore=None, packages_ignore_regex=None, paths=None, packages_up_to=None, packages_up_to_regex=None, packages_above=None, packages_above_and_dependencies=None, packages_above_depth=None, packages_select_by_dep=None, packages_skip_by_dep=None, packages_skip_up_to=None, packages_select_build_failed=False, packages_skip_build_finished=False, packages_select_test_failures=False, packages_skip_test_passed=False, packages_select=None, packages_skip=None, packages_select_regex=None, packages_skip_regex=None, packages_start=None, packages_end=None, allow_overriding=[], cmake_args=None, cmake_target=None, cmake_target_skip_unavailable=False, cmake_clean_cache=False, cmake_clean_first=False, cmake_force_configure=False, ament_cmake_args=None, catkin_cmake_args=None, catkin_skip_building_tests=False, mixin_files=None, mixin=None, verb_parser=<colcon_mixin.mixin.mixin_argument.MixinArgumentDecorator object at 0x73e00d1a4200>, verb_extension=<colcon_core.verb.build.BuildVerb object at 0x73e00d17fec0>, main=<bound method BuildVerb.main of <colcon_core.verb.build.BuildVerb object at 0x73e00d17fec0>>, mixin_verb=('build',))
[0.593s] Level 1:colcon.colcon_core.package_discovery:discover_packages(colcon_meta) check parameters
[0.593s] Level 1:colcon.colcon_core.package_discovery:discover_packages(recursive) check parameters
[0.594s] Level 1:colcon.colcon_core.package_discovery:discover_packages(ignore) check parameters
[0.594s] Level 1:colcon.colcon_core.package_discovery:discover_packages(path) check parameters
[0.594s] Level 1:colcon.colcon_core.package_discovery:discover_packages(colcon_meta) discover
[0.594s] Level 1:colcon.colcon_core.package_discovery:discover_packages(recursive) discover
[0.594s] INFO:colcon.colcon_core.package_discovery:Crawling recursively for packages in '/home/megabyte94/Desktop/RAS/taller1/taller2_ras'
[0.595s] Level 1:colcon.colcon_core.package_identification:_identify(.) by extensions ['ignore', 'ignore_ament_install']
[0.595s] Level 1:colcon.colcon_core.package_identification:_identify(.) by extension 'ignore'
[0.595s] Level 1:colcon.colcon_core.package_identification:_identify(.) by extension 'ignore_ament_install'
[0.596s] Level 1:colcon.colcon_core.package_identification:_identify(.) by extensions ['colcon_pkg']
[0.596s] Level 1:colcon.colcon_core.package_identification:_identify(.) by extension 'colcon_pkg'
[0.596s] Level 1:colcon.colcon_core.package_identification:_identify(.) by extensions ['colcon_meta']
[0.596s] Level 1:colcon.colcon_core.package_identification:_identify(.) by extension 'colcon_meta'
[0.596s] Level 1:colcon.colcon_core.package_identification:_identify(.) by extensions ['ros']
[0.596s] Level 1:colcon.colcon_core.package_identification:_identify(.) by extension 'ros'
[0.686s] Level 1:colcon.colcon_core.package_identification:_identify(.) by extensions ['cmake', 'python']
[0.686s] Level 1:colcon.colcon_core.package_identification:_identify(.) by extension 'cmake'
[0.687s] Level 1:colcon.colcon_core.package_identification:_identify(.) by extension 'python'
[0.687s] Level 1:colcon.colcon_core.package_identification:_identify(.) by extensions ['python_setup_py']
[0.687s] Level 1:colcon.colcon_core.package_identification:_identify(.) by extension 'python_setup_py'
[0.687s] Level 1:colcon.colcon_core.package_identification:_identify(build) by extensions ['ignore', 'ignore_ament_install']
[0.688s] Level 1:colcon.colcon_core.package_identification:_identify(build) by extension 'ignore'
[0.688s] Level 1:colcon.colcon_core.package_identification:_identify(build) ignored
[0.689s] Level 1:colcon.colcon_core.package_identification:_identify(install) by extensions ['ignore', 'ignore_ament_install']
[0.689s] Level 1:colcon.colcon_core.package_identification:_identify(install) by extension 'ignore'
[0.689s] Level 1:colcon.colcon_core.package_identification:_identify(install) ignored
[0.689s] Level 1:colcon.colcon_core.package_identification:_identify(log) by extensions ['ignore', 'ignore_ament_install']
[0.690s] Level 1:colcon.colcon_core.package_identification:_identify(log) by extension 'ignore'
[0.690s] Level 1:colcon.colcon_core.package_identification:_identify(log) ignored
[0.690s] Level 1:colcon.colcon_core.package_identification:_identify(src) by extensions ['ignore', 'ignore_ament_install']
[0.691s] Level 1:colcon.colcon_core.package_identification:_identify(src) by extension 'ignore'
[0.691s] Level 1:colcon.colcon_core.package_identification:_identify(src) by extension 'ignore_ament_install'
[0.691s] Level 1:colcon.colcon_core.package_identification:_identify(src) by extensions ['colcon_pkg']
[0.691s] Level 1:colcon.colcon_core.package_identification:_identify(src) by extension 'colcon_pkg'
[0.691s] Level 1:colcon.colcon_core.package_identification:_identify(src) by extensions ['colcon_meta']
[0.691s] Level 1:colcon.colcon_core.package_identification:_identify(src) by extension 'colcon_meta'
[0.691s] Level 1:colcon.colcon_core.package_identification:_identify(src) by extensions ['ros']
[0.692s] Level 1:colcon.colcon_core.package_identification:_identify(src) by extension 'ros'
[0.692s] Level 1:colcon.colcon_core.package_identification:_identify(src) by extensions ['cmake', 'python']
[0.692s] Level 1:colcon.colcon_core.package_identification:_identify(src) by extension 'cmake'
[0.692s] Level 1:colcon.colcon_core.package_identification:_identify(src) by extension 'python'
[0.692s] Level 1:colcon.colcon_core.package_identification:_identify(src) by extensions ['python_setup_py']
[0.692s] Level 1:colcon.colcon_core.package_identification:_identify(src) by extension 'python_setup_py'
[0.693s] Level 1:colcon.colcon_core.package_identification:_identify(src/ros_package) by extensions ['ignore', 'ignore_ament_install']
[0.693s] Level 1:colcon.colcon_core.package_identification:_identify(src/ros_package) by extension 'ignore'
[0.693s] Level 1:colcon.colcon_core.package_identification:_identify(src/ros_package) by extension 'ignore_ament_install'
[0.694s] Level 1:colcon.colcon_core.package_identification:_identify(src/ros_package) by extensions ['colcon_pkg']
[0.694s] Level 1:colcon.colcon_core.package_identification:_identify(src/ros_package) by extension 'colcon_pkg'
[0.694s] Level 1:colcon.colcon_core.package_identification:_identify(src/ros_package) by extensions ['colcon_meta']
[0.694s] Level 1:colcon.colcon_core.package_identification:_identify(src/ros_package) by extension 'colcon_meta'
[0.694s] Level 1:colcon.colcon_core.package_identification:_identify(src/ros_package) by extensions ['ros']
[0.694s] Level 1:colcon.colcon_core.package_identification:_identify(src/ros_package) by extension 'ros'
[0.699s] DEBUG:colcon.colcon_core.package_identification:Package 'src/ros_package' with type 'ros.ament_python' and name 'ros_package'
[0.699s] Level 1:colcon.colcon_core.package_discovery:discover_packages(recursive) using defaults
[0.699s] Level 1:colcon.colcon_core.package_discovery:discover_packages(ignore) discover
[0.699s] Level 1:colcon.colcon_core.package_discovery:discover_packages(ignore) using defaults
[0.699s] Level 1:colcon.colcon_core.package_discovery:discover_packages(path) discover
[0.699s] Level 1:colcon.colcon_core.package_discovery:discover_packages(path) using defaults
[0.748s] Level 1:colcon.colcon_core.package_discovery:discover_packages(prefix_path) check parameters
[0.749s] Level 1:colcon.colcon_core.package_discovery:discover_packages(prefix_path) discover
[0.755s] DEBUG:colcon.colcon_installed_package_information.package_discovery:Found 1 installed packages in /home/megabyte94/Desktop/RAS/taller1/taller2_ras/install
[0.764s] DEBUG:colcon.colcon_installed_package_information.package_discovery:Found 287 installed packages in /opt/ros/jazzy
[0.768s] Level 1:colcon.colcon_core.package_discovery:discover_packages(prefix_path) using defaults
[0.924s] Level 5:colcon.colcon_core.verb:set package 'ros_package' build argument 'cmake_args' from command line to 'None'
[0.924s] Level 5:colcon.colcon_core.verb:set package 'ros_package' build argument 'cmake_target' from command line to 'None'
[0.924s] Level 5:colcon.colcon_core.verb:set package 'ros_package' build argument 'cmake_target_skip_unavailable' from command line to 'False'
[0.924s] Level 5:colcon.colcon_core.verb:set package 'ros_package' build argument 'cmake_clean_cache' from command line to 'False'
[0.924s] Level 5:colcon.colcon_core.verb:set package 'ros_package' build argument 'cmake_clean_first' from command line to 'False'
[0.924s] Level 5:colcon.colcon_core.verb:set package 'ros_package' build argument 'cmake_force_configure' from command line to 'False'
[0.924s] Level 5:colcon.colcon_core.verb:set package 'ros_package' build argument 'ament_cmake_args' from command line to 'None'
[0.925s] Level 5:colcon.colcon_core.verb:set package 'ros_package' build argument 'catkin_cmake_args' from command line to 'None'
[0.925s] Level 5:colcon.colcon_core.verb:set package 'ros_package' build argument 'catkin_skip_building_tests' from command line to 'False'
[0.925s] DEBUG:colcon.colcon_core.verb:Building package 'ros_package' with the following arguments: {'ament_cmake_args': None, 'build_base': '/home/megabyte94/Desktop/RAS/taller1/taller2_ras/build/ros_package', 'catkin_cmake_args': None, 'catkin_skip_building_tests': False, 'cmake_args': None, 'cmake_clean_cache': False, 'cmake_clean_first': False, 'cmake_force_configure': False, 'cmake_target': None, 'cmake_target_skip_unavailable': False, 'install_base': '/home/megabyte94/Desktop/RAS/taller1/taller2_ras/install/ros_package', 'merge_install': False, 'path': '/home/megabyte94/Desktop/RAS/taller1/taller2_ras/src/ros_package', 'symlink_install': False, 'test_result_base': None}
[0.925s] INFO:colcon.colcon_core.executor:Executing jobs using 'parallel' executor
[0.927s] DEBUG:colcon.colcon_parallel_executor.executor.parallel:run_until_complete
[0.927s] INFO:colcon.colcon_ros.task.ament_python.build:Building ROS package in '/home/megabyte94/Desktop/RAS/taller1/taller2_ras/src/ros_package' with build type 'ament_python'
[0.928s] Level 1:colcon.colcon_core.shell:create_environment_hook('ros_package', 'ament_prefix_path')
[0.936s] INFO:colcon.colcon_core.plugin_system:Skipping extension 'colcon_core.shell.bat': Not used on non-Windows systems
[0.937s] INFO:colcon.colcon_core.shell:Creating environment hook '/home/megabyte94/Desktop/RAS/taller1/taller2_ras/install/ros_package/share/ros_package/hook/ament_prefix_path.ps1'
[0.938s] INFO:colcon.colcon_core.shell:Creating environment descriptor '/home/megabyte94/Desktop/RAS/taller1/taller2_ras/install/ros_package/share/ros_package/hook/ament_prefix_path.dsv'
[0.939s] INFO:colcon.colcon_core.shell:Creating environment hook '/home/megabyte94/Desktop/RAS/taller1/taller2_ras/install/ros_package/share/ros_package/hook/ament_prefix_path.sh'
[0.941s] INFO:colcon.colcon_core.shell:Skip shell extension 'powershell' for command environment: Not usable outside of PowerShell
[0.941s] DEBUG:colcon.colcon_core.shell:Skip shell extension 'dsv' for command environment
[1.727s] INFO:colcon.colcon_core.task.python.build:Building Python package in '/home/megabyte94/Desktop/RAS/taller1/taller2_ras/src/ros_package'
[1.727s] INFO:colcon.colcon_core.shell:Skip shell extension 'powershell' for command environment: Not usable outside of PowerShell
[1.727s] DEBUG:colcon.colcon_core.shell:Skip shell extension 'dsv' for command environment
[3.469s] DEBUG:colcon.colcon_core.event_handler.log_command:Invoking command in '/home/megabyte94/Desktop/RAS/taller1/taller2_ras/src/ros_package': DEBUGINFOD_URLS=https://debuginfod.ubuntu.com PYTHONPATH=/home/megabyte94/Desktop/RAS/taller1/taller2_ras/build/ros_package/prefix_override:/usr/lib/python3/dist-packages/colcon_core/task/python/colcon_distutils_commands:/home/megabyte94/Desktop/RAS/taller1/taller2_ras/install/ros_package/lib/python3.12/site-packages:${PYTHONPATH} /usr/bin/python3 -W ignore:setup.py install is deprecated -W ignore:easy_install command is deprecated setup.py egg_info --egg-base ../../build/ros_package build --build-base /home/megabyte94/Desktop/RAS/taller1/taller2_ras/build/ros_package/build install --record /home/megabyte94/Desktop/RAS/taller1/taller2_ras/build/ros_package/install.log --single-version-externally-managed install_data
[4.994s] DEBUG:colcon.colcon_core.event_handler.log_command:Invoked command in '/home/megabyte94/Desktop/RAS/taller1/taller2_ras/src/ros_package' returned '0': DEBUGINFOD_URLS=https://debuginfod.ubuntu.com PYTHONPATH=/home/megabyte94/Desktop/RAS/taller1/taller2_ras/build/ros_package/prefix_override:/usr/lib/python3/dist-packages/colcon_core/task/python/colcon_distutils_commands:/home/megabyte94/Desktop/RAS/taller1/taller2_ras/install/ros_package/lib/python3.12/site-packages:${PYTHONPATH} /usr/bin/python3 -W ignore:setup.py install is deprecated -W ignore:easy_install command is deprecated setup.py egg_info --egg-base ../../build/ros_package build --build-base /home/megabyte94/Desktop/RAS/taller1/taller2_ras/build/ros_package/build install --record /home/megabyte94/Desktop/RAS/taller1/taller2_ras/build/ros_package/install.log --single-version-externally-managed install_data
[5.001s] Level 1:colcon.colcon_core.environment:checking '/home/megabyte94/Desktop/RAS/taller1/taller2_ras/install/ros_package' for CMake module files
[5.003s] Level 1:colcon.colcon_core.environment:checking '/home/megabyte94/Desktop/RAS/taller1/taller2_ras/install/ros_package' for CMake config files
[5.009s] Level 1:colcon.colcon_core.environment:checking '/home/megabyte94/Desktop/RAS/taller1/taller2_ras/install/ros_package/lib'
[5.009s] Level 1:colcon.colcon_core.environment:checking '/home/megabyte94/Desktop/RAS/taller1/taller2_ras/install/ros_package/bin'
[5.010s] Level 1:colcon.colcon_core.environment:checking '/home/megabyte94/Desktop/RAS/taller1/taller2_ras/install/ros_package/lib/pkgconfig/ros_package.pc'
[5.011s] Level 1:colcon.colcon_core.environment:checking '/home/megabyte94/Desktop/RAS/taller1/taller2_ras/install/ros_package/lib/python3.12/site-packages'
[5.011s] Level 1:colcon.colcon_core.shell:create_environment_hook('ros_package', 'pythonpath')
[5.012s] INFO:colcon.colcon_core.shell:Creating environment hook '/home/megabyte94/Desktop/RAS/taller1/taller2_ras/install/ros_package/share/ros_package/hook/pythonpath.ps1'
[5.015s] INFO:colcon.colcon_core.shell:Creating environment descriptor '/home/megabyte94/Desktop/RAS/taller1/taller2_ras/install/ros_package/share/ros_package/hook/pythonpath.dsv'
[5.016s] INFO:colcon.colcon_core.shell:Creating environment hook '/home/megabyte94/Desktop/RAS/taller1/taller2_ras/install/ros_package/share/ros_package/hook/pythonpath.sh'
[5.018s] Level 1:colcon.colcon_core.environment:checking '/home/megabyte94/Desktop/RAS/taller1/taller2_ras/install/ros_package/bin'
[5.019s] Level 1:colcon.colcon_core.environment:create_environment_scripts_only(ros_package)
[5.020s] INFO:colcon.colcon_core.shell:Creating package script '/home/megabyte94/Desktop/RAS/taller1/taller2_ras/install/ros_package/share/ros_package/package.ps1'
[5.022s] INFO:colcon.colcon_core.shell:Creating package descriptor '/home/megabyte94/Desktop/RAS/taller1/taller2_ras/install/ros_package/share/ros_package/package.dsv'
[5.024s] INFO:colcon.colcon_core.shell:Creating package script '/home/megabyte94/Desktop/RAS/taller1/taller2_ras/install/ros_package/share/ros_package/package.sh'
[5.026s] INFO:colcon.colcon_core.shell:Creating package script '/home/megabyte94/Desktop/RAS/taller1/taller2_ras/install/ros_package/share/ros_package/package.bash'
[5.027s] INFO:colcon.colcon_core.shell:Creating package script '/home/megabyte94/Desktop/RAS/taller1/taller2_ras/install/ros_package/share/ros_package/package.zsh'
[5.029s] Level 1:colcon.colcon_core.environment:create_file_with_runtime_dependencies(/home/megabyte94/Desktop/RAS/taller1/taller2_ras/install/ros_package/share/colcon-core/packages/ros_package)
[5.030s] DEBUG:colcon.colcon_parallel_executor.executor.parallel:closing loop
[5.030s] DEBUG:colcon.colcon_parallel_executor.executor.parallel:loop closed
[5.031s] DEBUG:colcon.colcon_parallel_executor.executor.parallel:run_until_complete finished with '0'
[5.031s] DEBUG:colcon.colcon_core.event_reactor:joining thread
[5.050s] INFO:colcon.colcon_core.plugin_system:Skipping extension 'colcon_notification.desktop_notification.terminal_notifier': Not used on non-Darwin systems
[5.051s] INFO:colcon.colcon_core.plugin_system:Skipping extension 'colcon_notification.desktop_notification.win32': Not used on non-Windows systems
[5.051s] INFO:colcon.colcon_notification.desktop_notification:Sending desktop notification using 'notify2'
[5.095s] DEBUG:colcon.colcon_core.event_reactor:joined thread
[5.096s] INFO:colcon.colcon_core.shell:Creating prefix script '/home/megabyte94/Desktop/RAS/taller1/taller2_ras/install/local_setup.ps1'
[5.099s] INFO:colcon.colcon_core.shell:Creating prefix util module '/home/megabyte94/Desktop/RAS/taller1/taller2_ras/install/_local_setup_util_ps1.py'
[5.105s] INFO:colcon.colcon_core.shell:Creating prefix chain script '/home/megabyte94/Desktop/RAS/taller1/taller2_ras/install/setup.ps1'
[5.109s] INFO:colcon.colcon_core.shell:Creating prefix script '/home/megabyte94/Desktop/RAS/taller1/taller2_ras/install/local_setup.sh'
[5.111s] INFO:colcon.colcon_core.shell:Creating prefix util module '/home/megabyte94/Desktop/RAS/taller1/taller2_ras/install/_local_setup_util_sh.py'
[5.113s] INFO:colcon.colcon_core.shell:Creating prefix chain script '/home/megabyte94/Desktop/RAS/taller1/taller2_ras/install/setup.sh'
[5.117s] INFO:colcon.colcon_core.shell:Creating prefix script '/home/megabyte94/Desktop/RAS/taller1/taller2_ras/install/local_setup.bash'
[5.119s] INFO:colcon.colcon_core.shell:Creating prefix chain script '/home/megabyte94/Desktop/RAS/taller1/taller2_ras/install/setup.bash'
[5.123s] INFO:colcon.colcon_core.shell:Creating prefix script '/home/megabyte94/Desktop/RAS/taller1/taller2_ras/install/local_setup.zsh'
[5.125s] INFO:colcon.colcon_core.shell:Creating prefix chain script '/home/megabyte94/Desktop/RAS/taller1/taller2_ras/install/setup.zsh'
